<?xml version="1.0" encoding="UTF-8"?>
<!-- Generated by org.testng.reporters.JUnitReportReporter -->
<testsuite hostname="TYSS-Shobha" failures="0" tests="1" name="pratice.Demo" time="0.011" errors="0" timestamp="2025-02-10T19:16:50 IST" skipped="0">
  <testcase classname="pratice.Demo" name="m1" time="0.011"/>
</testsuite> <!-- pratice.Demo -->
